<?xml version="1.0" encoding="UTF-8"?>
<coverage generated="1586953425498" clover="3.2.0">
  <project timestamp="1586953425498" name="All files">
    <metrics statements="231" coveredstatements="213" conditionals="73" coveredconditionals="53" methods="98" coveredmethods="82" elements="402" coveredelements="348" complexity="0" loc="231" ncloc="231" packages="18" files="43" classes="43"/>
    <package name="app">
      <metrics statements="20" coveredstatements="20" conditionals="6" coveredconditionals="6" methods="5" coveredmethods="5"/>
      <file name="app.js" path="/Users/sharansalian/Workspaces/react-native/MSP-Logistics-Application/app/app.js">
        <metrics statements="3" coveredstatements="3" conditionals="0" coveredconditionals="0" methods="1" coveredmethods="1"/>
        <line num="10" count="1" type="stmt"/>
        <line num="12" count="1" type="stmt"/>
        <line num="13" count="1" type="stmt"/>
      </file>
      <file name="i18n.js" path="/Users/sharansalian/Workspaces/react-native/MSP-Logistics-Application/app/i18n.js">
        <metrics statements="13" coveredstatements="13" conditionals="6" coveredconditionals="6" methods="2" coveredmethods="2"/>
        <line num="10" count="15" type="stmt"/>
        <line num="12" count="15" type="stmt"/>
        <line num="14" count="15" type="stmt"/>
        <line num="16" count="15" type="stmt"/>
        <line num="18" count="15" type="stmt"/>
        <line num="21" count="15" type="stmt"/>
        <line num="25" count="15" type="stmt"/>
        <line num="27" count="18" type="cond" truecount="2" falsecount="0"/>
        <line num="30" count="18" type="stmt"/>
        <line num="32" count="273" type="cond" truecount="4" falsecount="0"/>
        <line num="35" count="273" type="stmt"/>
        <line num="37" count="18" type="stmt"/>
        <line num="40" count="15" type="stmt"/>
      </file>
      <file name="rootReducer.js" path="/Users/sharansalian/Workspaces/react-native/MSP-Logistics-Application/app/rootReducer.js">
        <metrics statements="2" coveredstatements="2" conditionals="0" coveredconditionals="0" methods="1" coveredmethods="1"/>
        <line num="7" count="6" type="stmt"/>
        <line num="11" count="6" type="stmt"/>
      </file>
      <file name="rootSaga.js" path="/Users/sharansalian/Workspaces/react-native/MSP-Logistics-Application/app/rootSaga.js">
        <metrics statements="2" coveredstatements="2" conditionals="0" coveredconditionals="0" methods="1" coveredmethods="1"/>
        <line num="6" count="6" type="stmt"/>
        <line num="7" count="6" type="stmt"/>
      </file>
    </package>
    <package name="app.assets.images">
      <metrics statements="10" coveredstatements="10" conditionals="0" coveredconditionals="0" methods="0" coveredmethods="0"/>
      <file name="bitmapImage.png" path="/Users/sharansalian/Workspaces/react-native/MSP-Logistics-Application/app/assets/images/bitmapImage.png">
        <metrics statements="1" coveredstatements="1" conditionals="0" coveredconditionals="0" methods="0" coveredmethods="0"/>
        <line num="1" count="3" type="stmt"/>
      </file>
      <file name="cancel.png" path="/Users/sharansalian/Workspaces/react-native/MSP-Logistics-Application/app/assets/images/cancel.png">
        <metrics statements="1" coveredstatements="1" conditionals="0" coveredconditionals="0" methods="0" coveredmethods="0"/>
        <line num="1" count="3" type="stmt"/>
      </file>
      <file name="flash.png" path="/Users/sharansalian/Workspaces/react-native/MSP-Logistics-Application/app/assets/images/flash.png">
        <metrics statements="1" coveredstatements="1" conditionals="0" coveredconditionals="0" methods="0" coveredmethods="0"/>
        <line num="1" count="3" type="stmt"/>
      </file>
      <file name="homepage.png" path="/Users/sharansalian/Workspaces/react-native/MSP-Logistics-Application/app/assets/images/homepage.png">
        <metrics statements="1" coveredstatements="1" conditionals="0" coveredconditionals="0" methods="0" coveredmethods="0"/>
        <line num="1" count="3" type="stmt"/>
      </file>
      <file name="illoDeliveryBoy.png" path="/Users/sharansalian/Workspaces/react-native/MSP-Logistics-Application/app/assets/images/illoDeliveryBoy.png">
        <metrics statements="1" coveredstatements="1" conditionals="0" coveredconditionals="0" methods="0" coveredmethods="0"/>
        <line num="1" count="3" type="stmt"/>
      </file>
      <file name="illoScanBag.png" path="/Users/sharansalian/Workspaces/react-native/MSP-Logistics-Application/app/assets/images/illoScanBag.png">
        <metrics statements="1" coveredstatements="1" conditionals="0" coveredconditionals="0" methods="0" coveredmethods="0"/>
        <line num="1" count="3" type="stmt"/>
      </file>
      <file name="imgMspLogo.png" path="/Users/sharansalian/Workspaces/react-native/MSP-Logistics-Application/app/assets/images/imgMspLogo.png">
        <metrics statements="1" coveredstatements="1" conditionals="0" coveredconditionals="0" methods="0" coveredmethods="0"/>
        <line num="1" count="4" type="stmt"/>
      </file>
      <file name="loginbg.jpg" path="/Users/sharansalian/Workspaces/react-native/MSP-Logistics-Application/app/assets/images/loginbg.jpg">
        <metrics statements="1" coveredstatements="1" conditionals="0" coveredconditionals="0" methods="0" coveredmethods="0"/>
        <line num="1" count="3" type="stmt"/>
      </file>
      <file name="password.png" path="/Users/sharansalian/Workspaces/react-native/MSP-Logistics-Application/app/assets/images/password.png">
        <metrics statements="1" coveredstatements="1" conditionals="0" coveredconditionals="0" methods="0" coveredmethods="0"/>
        <line num="1" count="3" type="stmt"/>
      </file>
      <file name="username.png" path="/Users/sharansalian/Workspaces/react-native/MSP-Logistics-Application/app/assets/images/username.png">
        <metrics statements="1" coveredstatements="1" conditionals="0" coveredconditionals="0" methods="0" coveredmethods="0"/>
        <line num="1" count="3" type="stmt"/>
      </file>
    </package>
    <package name="app.components.Container">
      <metrics statements="4" coveredstatements="4" conditionals="0" coveredconditionals="0" methods="1" coveredmethods="1"/>
      <file name="index.js" path="/Users/sharansalian/Workspaces/react-native/MSP-Logistics-Application/app/components/Container/index.js">
        <metrics statements="4" coveredstatements="4" conditionals="0" coveredconditionals="0" methods="1" coveredmethods="1"/>
        <line num="10" count="5" type="stmt"/>
        <line num="14" count="5" type="stmt"/>
        <line num="15" count="11" type="stmt"/>
        <line num="18" count="5" type="stmt"/>
      </file>
    </package>
    <package name="app.components.DismissKeyboard">
      <metrics statements="2" coveredstatements="2" conditionals="0" coveredconditionals="0" methods="2" coveredmethods="1"/>
      <file name="index.js" path="/Users/sharansalian/Workspaces/react-native/MSP-Logistics-Application/app/components/DismissKeyboard/index.js">
        <metrics statements="2" coveredstatements="2" conditionals="0" coveredconditionals="0" methods="2" coveredmethods="1"/>
        <line num="5" count="3" type="stmt"/>
        <line num="6" count="12" type="stmt"/>
      </file>
    </package>
    <package name="app.components.HomePage">
      <metrics statements="6" coveredstatements="4" conditionals="0" coveredconditionals="0" methods="3" coveredmethods="1"/>
      <file name="index.js" path="/Users/sharansalian/Workspaces/react-native/MSP-Logistics-Application/app/components/HomePage/index.js">
        <metrics statements="6" coveredstatements="4" conditionals="0" coveredconditionals="0" methods="3" coveredmethods="1"/>
        <line num="16" count="3" type="stmt"/>
        <line num="17" count="3" type="stmt"/>
        <line num="32" count="0" type="stmt"/>
        <line num="42" count="0" type="stmt"/>
        <line num="52" count="3" type="stmt"/>
        <line num="129" count="3" type="stmt"/>
      </file>
    </package>
    <package name="app.components.ScanCode">
      <metrics statements="13" coveredstatements="9" conditionals="2" coveredconditionals="1" methods="5" coveredmethods="2"/>
      <file name="index.js" path="/Users/sharansalian/Workspaces/react-native/MSP-Logistics-Application/app/components/ScanCode/index.js">
        <metrics statements="13" coveredstatements="9" conditionals="2" coveredconditionals="1" methods="5" coveredmethods="2"/>
        <line num="18" count="3" type="stmt"/>
        <line num="19" count="3" type="stmt"/>
        <line num="24" count="3" type="stmt"/>
        <line num="25" count="0" type="stmt"/>
        <line num="28" count="3" type="stmt"/>
        <line num="29" count="0" type="stmt"/>
        <line num="30" count="0" type="stmt"/>
        <line num="33" count="3" type="stmt"/>
        <line num="34" count="0" type="stmt"/>
        <line num="38" count="3" type="stmt"/>
        <line num="39" count="3" type="stmt"/>
        <line num="77" count="3" type="stmt"/>
        <line num="131" count="3" type="stmt"/>
      </file>
    </package>
    <package name="app.components.SplashScreen">
      <metrics statements="4" coveredstatements="4" conditionals="0" coveredconditionals="0" methods="1" coveredmethods="1"/>
      <file name="index.js" path="/Users/sharansalian/Workspaces/react-native/MSP-Logistics-Application/app/components/SplashScreen/index.js">
        <metrics statements="4" coveredstatements="4" conditionals="0" coveredconditionals="0" methods="1" coveredmethods="1"/>
        <line num="6" count="1" type="stmt"/>
        <line num="13" count="1" type="stmt"/>
        <line num="20" count="1" type="stmt"/>
        <line num="21" count="2" type="stmt"/>
      </file>
    </package>
    <package name="app.components.T">
      <metrics statements="4" coveredstatements="4" conditionals="0" coveredconditionals="0" methods="1" coveredmethods="1"/>
      <file name="index.js" path="/Users/sharansalian/Workspaces/react-native/MSP-Logistics-Application/app/components/T/index.js">
        <metrics statements="4" coveredstatements="4" conditionals="0" coveredconditionals="0" methods="1" coveredmethods="1"/>
        <line num="13" count="3" type="stmt"/>
        <line num="14" count="9" type="stmt"/>
        <line num="17" count="3" type="stmt"/>
        <line num="22" count="3" type="stmt"/>
      </file>
    </package>
    <package name="app.config">
      <metrics statements="1" coveredstatements="1" conditionals="0" coveredconditionals="0" methods="0" coveredmethods="0"/>
      <file name="index.js" path="/Users/sharansalian/Workspaces/react-native/MSP-Logistics-Application/app/config/index.js">
        <metrics statements="1" coveredstatements="1" conditionals="0" coveredconditionals="0" methods="0" coveredmethods="0"/>
        <line num="1" count="13" type="stmt"/>
      </file>
    </package>
    <package name="app.containers.ExampleScreen">
      <metrics statements="52" coveredstatements="51" conditionals="15" coveredconditionals="13" methods="20" coveredmethods="18"/>
      <file name="index.js" path="/Users/sharansalian/Workspaces/react-native/MSP-Logistics-Application/app/containers/ExampleScreen/index.js">
        <metrics statements="20" coveredstatements="19" conditionals="6" coveredconditionals="5" methods="6" coveredmethods="4"/>
        <line num="28" count="1" type="stmt"/>
        <line num="34" count="1" type="stmt"/>
        <line num="40" count="1" type="stmt"/>
        <line num="47" count="1" type="stmt"/>
        <line num="53" count="1" type="stmt"/>
        <line num="58" count="1" type="stmt"/>
        <line num="65" count="1" type="stmt"/>
        <line num="70" count="1" type="stmt"/>
        <line num="75" count="1" type="stmt"/>
        <line num="80" count="1" type="stmt"/>
        <line num="83" count="1" type="stmt"/>
        <line num="91" count="4" type="stmt"/>
        <line num="94" count="7" type="stmt"/>
        <line num="95" count="4" type="stmt"/>
        <line num="99" count="4" type="stmt"/>
        <line num="140" count="1" type="stmt"/>
        <line num="147" count="1" type="stmt"/>
        <line num="153" count="1" type="stmt"/>
        <line num="154" count="0" type="stmt"/>
        <line num="157" count="1" type="stmt"/>
      </file>
      <file name="reducer.js" path="/Users/sharansalian/Workspaces/react-native/MSP-Logistics-Application/app/containers/ExampleScreen/reducer.js">
        <metrics statements="15" coveredstatements="15" conditionals="5" coveredconditionals="5" methods="5" coveredmethods="5"/>
        <line num="7" count="14" type="stmt"/>
        <line num="16" count="14" type="stmt"/>
        <line num="22" count="14" type="stmt"/>
        <line num="23" count="1" type="stmt"/>
        <line num="25" count="14" type="stmt"/>
        <line num="26" count="1" type="stmt"/>
        <line num="31" count="14" type="stmt"/>
        <line num="32" count="1" type="stmt"/>
        <line num="40" count="14" type="cond" truecount="1" falsecount="0"/>
        <line num="41" count="30" type="stmt"/>
        <line num="42" count="30" type="cond" truecount="4" falsecount="0"/>
        <line num="44" count="1" type="stmt"/>
        <line num="46" count="1" type="stmt"/>
        <line num="48" count="1" type="stmt"/>
        <line num="50" count="27" type="stmt"/>
      </file>
      <file name="saga.js" path="/Users/sharansalian/Workspaces/react-native/MSP-Logistics-Application/app/containers/ExampleScreen/saga.js">
        <metrics statements="6" coveredstatements="6" conditionals="2" coveredconditionals="2" methods="2" coveredmethods="2"/>
        <line num="13" count="2" type="stmt"/>
        <line num="14" count="2" type="cond" truecount="2" falsecount="0"/>
        <line num="15" count="1" type="stmt"/>
        <line num="16" count="1" type="stmt"/>
        <line num="18" count="1" type="stmt"/>
        <line num="27" count="7" type="stmt"/>
      </file>
      <file name="selectors.js" path="/Users/sharansalian/Workspaces/react-native/MSP-Logistics-Application/app/containers/ExampleScreen/selectors.js">
        <metrics statements="11" coveredstatements="11" conditionals="2" coveredconditionals="1" methods="7" coveredmethods="7"/>
        <line num="5" count="2" type="stmt"/>
        <line num="6" count="3" type="cond" truecount="1" falsecount="1"/>
        <line num="8" count="2" type="stmt"/>
        <line num="9" count="2" type="stmt"/>
        <line num="11" count="1" type="stmt"/>
        <line num="14" count="2" type="stmt"/>
        <line num="15" count="2" type="stmt"/>
        <line num="17" count="1" type="stmt"/>
        <line num="20" count="2" type="stmt"/>
        <line num="21" count="2" type="stmt"/>
        <line num="23" count="1" type="stmt"/>
      </file>
    </package>
    <package name="app.containers.LanguageProvider">
      <metrics statements="15" coveredstatements="15" conditionals="5" coveredconditionals="5" methods="8" coveredmethods="8"/>
      <file name="index.js" path="/Users/sharansalian/Workspaces/react-native/MSP-Logistics-Application/app/containers/LanguageProvider/index.js">
        <metrics statements="4" coveredstatements="4" conditionals="0" coveredconditionals="0" methods="3" coveredmethods="3"/>
        <line num="18" count="7" type="stmt"/>
        <line num="29" count="12" type="stmt"/>
        <line num="35" count="12" type="stmt"/>
        <line num="40" count="6" type="stmt"/>
      </file>
      <file name="reducer.js" path="/Users/sharansalian/Workspaces/react-native/MSP-Logistics-Application/app/containers/LanguageProvider/reducer.js">
        <metrics statements="7" coveredstatements="7" conditionals="3" coveredconditionals="3" methods="2" coveredmethods="2"/>
        <line num="14" count="14" type="stmt"/>
        <line num="18" count="14" type="stmt"/>
        <line num="23" count="14" type="cond" truecount="1" falsecount="0"/>
        <line num="24" count="2" type="stmt"/>
        <line num="25" count="2" type="cond" truecount="2" falsecount="0"/>
        <line num="27" count="1" type="stmt"/>
        <line num="29" count="1" type="stmt"/>
      </file>
      <file name="selectors.js" path="/Users/sharansalian/Workspaces/react-native/MSP-Logistics-Application/app/containers/LanguageProvider/selectors.js">
        <metrics statements="4" coveredstatements="4" conditionals="2" coveredconditionals="2" methods="3" coveredmethods="3"/>
        <line num="7" count="13" type="cond" truecount="2" falsecount="0"/>
        <line num="13" count="13" type="stmt"/>
        <line num="14" count="12" type="stmt"/>
        <line num="16" count="7" type="stmt"/>
      </file>
    </package>
    <package name="app.containers.LoginScreen">
      <metrics statements="11" coveredstatements="8" conditionals="30" coveredconditionals="18" methods="8" coveredmethods="5"/>
      <file name="index.js" path="/Users/sharansalian/Workspaces/react-native/MSP-Logistics-Application/app/containers/LoginScreen/index.js">
        <metrics statements="11" coveredstatements="8" conditionals="30" coveredconditionals="18" methods="8" coveredmethods="5"/>
        <line num="27" count="12" type="stmt"/>
        <line num="28" count="0" type="stmt"/>
        <line num="30" count="12" type="stmt"/>
        <line num="53" count="0" type="stmt"/>
        <line num="83" count="20" type="stmt"/>
        <line num="96" count="1" type="stmt"/>
        <line num="99" count="0" type="stmt"/>
        <line num="128" count="28" type="stmt"/>
        <line num="138" count="1" type="stmt"/>
        <line num="174" count="3" type="stmt"/>
        <line num="297" count="3" type="stmt"/>
      </file>
    </package>
    <package name="app.containers.RootScreen">
      <metrics statements="15" coveredstatements="15" conditionals="2" coveredconditionals="2" methods="10" coveredmethods="10"/>
      <file name="index.js" path="/Users/sharansalian/Workspaces/react-native/MSP-Logistics-Application/app/containers/RootScreen/index.js">
        <metrics statements="7" coveredstatements="7" conditionals="0" coveredconditionals="0" methods="5" coveredmethods="5"/>
        <line num="12" count="3" type="stmt"/>
        <line num="15" count="3" type="stmt"/>
        <line num="16" count="3" type="stmt"/>
        <line num="20" count="3" type="stmt"/>
        <line num="31" count="2" type="stmt"/>
        <line num="35" count="2" type="stmt"/>
        <line num="36" count="1" type="stmt"/>
      </file>
      <file name="reducer.js" path="/Users/sharansalian/Workspaces/react-native/MSP-Logistics-Application/app/containers/RootScreen/reducer.js">
        <metrics statements="6" coveredstatements="6" conditionals="2" coveredconditionals="2" methods="2" coveredmethods="2"/>
        <line num="7" count="13" type="stmt"/>
        <line num="12" count="13" type="stmt"/>
        <line num="16" count="13" type="cond" truecount="1" falsecount="0"/>
        <line num="17" count="2" type="stmt"/>
        <line num="18" count="2" type="cond" truecount="1" falsecount="0"/>
        <line num="20" count="2" type="stmt"/>
      </file>
      <file name="saga.js" path="/Users/sharansalian/Workspaces/react-native/MSP-Logistics-Application/app/containers/RootScreen/saga.js">
        <metrics statements="2" coveredstatements="2" conditionals="0" coveredconditionals="0" methods="3" coveredmethods="3"/>
        <line num="9" count="3" type="stmt"/>
        <line num="13" count="7" type="stmt"/>
      </file>
    </package>
    <package name="app.navigators">
      <metrics statements="1" coveredstatements="1" conditionals="0" coveredconditionals="0" methods="0" coveredmethods="0"/>
      <file name="AppNavigator.js" path="/Users/sharansalian/Workspaces/react-native/MSP-Logistics-Application/app/navigators/AppNavigator.js">
        <metrics statements="1" coveredstatements="1" conditionals="0" coveredconditionals="0" methods="0" coveredmethods="0"/>
        <line num="7" count="2" type="stmt"/>
      </file>
    </package>
    <package name="app.services">
      <metrics statements="5" coveredstatements="3" conditionals="0" coveredconditionals="0" methods="4" coveredmethods="2"/>
      <file name="NavigationService.js" path="/Users/sharansalian/Workspaces/react-native/MSP-Logistics-Application/app/services/NavigationService.js">
        <metrics statements="3" coveredstatements="1" conditionals="0" coveredconditionals="0" methods="3" coveredmethods="1"/>
        <line num="15" count="3" type="stmt"/>
        <line num="26" count="0" type="stmt"/>
        <line num="44" count="0" type="stmt"/>
      </file>
      <file name="UserService.js" path="/Users/sharansalian/Workspaces/react-native/MSP-Logistics-Application/app/services/UserService.js">
        <metrics statements="2" coveredstatements="2" conditionals="0" coveredconditionals="0" methods="1" coveredmethods="1"/>
        <line num="3" count="13" type="stmt"/>
        <line num="4" count="13" type="stmt"/>
      </file>
    </package>
    <package name="app.style">
      <metrics statements="18" coveredstatements="15" conditionals="3" coveredconditionals="2" methods="6" coveredmethods="4"/>
      <file name="index.js" path="/Users/sharansalian/Workspaces/react-native/MSP-Logistics-Application/app/style/index.js">
        <metrics statements="18" coveredstatements="15" conditionals="3" coveredconditionals="2" methods="6" coveredmethods="4"/>
        <line num="3" count="5" type="stmt"/>
        <line num="4" count="5" type="stmt"/>
        <line num="5" count="5" type="stmt"/>
        <line num="8" count="5" type="stmt"/>
        <line num="9" count="5" type="stmt"/>
        <line num="12" count="5" type="stmt"/>
        <line num="15" count="5" type="stmt"/>
        <line num="18" count="5" type="stmt"/>
        <line num="22" count="237" type="stmt"/>
        <line num="26" count="0" type="stmt"/>
        <line num="27" count="0" type="stmt"/>
        <line num="28" count="0" type="stmt"/>
        <line num="32" count="5" type="stmt"/>
        <line num="33" count="5" type="stmt"/>
        <line num="35" count="237" type="stmt"/>
        <line num="36" count="5" type="stmt"/>
        <line num="37" count="5" type="cond" truecount="1" falsecount="0"/>
        <line num="38" count="237" type="stmt"/>
      </file>
    </package>
    <package name="app.themes">
      <metrics statements="11" coveredstatements="11" conditionals="0" coveredconditionals="0" methods="11" coveredmethods="11"/>
      <file name="colors.js" path="/Users/sharansalian/Workspaces/react-native/MSP-Logistics-Application/app/themes/colors.js">
        <metrics statements="0" coveredstatements="0" conditionals="0" coveredconditionals="0" methods="0" coveredmethods="0"/>
      </file>
      <file name="fonts.js" path="/Users/sharansalian/Workspaces/react-native/MSP-Logistics-Application/app/themes/fonts.js">
        <metrics statements="11" coveredstatements="11" conditionals="0" coveredconditionals="0" methods="11" coveredmethods="11"/>
        <line num="4" count="7" type="stmt"/>
        <line num="7" count="3" type="stmt"/>
        <line num="10" count="3" type="stmt"/>
        <line num="13" count="3" type="stmt"/>
        <line num="18" count="3" type="stmt"/>
        <line num="21" count="5" type="stmt"/>
        <line num="25" count="9" type="stmt"/>
        <line num="30" count="3" type="stmt"/>
        <line num="35" count="3" type="stmt"/>
        <line num="40" count="6" type="stmt"/>
        <line num="45" count="3" type="stmt"/>
      </file>
      <file name="images.js" path="/Users/sharansalian/Workspaces/react-native/MSP-Logistics-Application/app/themes/images.js">
        <metrics statements="0" coveredstatements="0" conditionals="0" coveredconditionals="0" methods="0" coveredmethods="0"/>
      </file>
      <file name="index.js" path="/Users/sharansalian/Workspaces/react-native/MSP-Logistics-Application/app/themes/index.js">
        <metrics statements="0" coveredstatements="0" conditionals="0" coveredconditionals="0" methods="0" coveredmethods="0"/>
      </file>
    </package>
    <package name="app.utils">
      <metrics statements="39" coveredstatements="36" conditionals="10" coveredconditionals="6" methods="13" coveredmethods="12"/>
      <file name="apiUtils.js" path="/Users/sharansalian/Workspaces/react-native/MSP-Logistics-Application/app/utils/apiUtils.js">
        <metrics statements="21" coveredstatements="18" conditionals="10" coveredconditionals="6" methods="7" coveredmethods="6"/>
        <line num="6" count="13" type="stmt"/>
        <line num="10" count="13" type="cond" truecount="1" falsecount="0"/>
        <line num="11" count="13" type="cond" truecount="0" falsecount="1"/>
        <line num="12" count="13" type="cond" truecount="1" falsecount="1"/>
        <line num="14" count="13" type="stmt"/>
        <line num="15" count="13" type="stmt"/>
        <line num="17" count="0" type="stmt"/>
        <line num="18" count="0" type="stmt"/>
        <line num="22" count="13" type="stmt"/>
        <line num="23" count="13" type="stmt"/>
        <line num="27" count="13" type="stmt"/>
        <line num="28" count="1" type="stmt"/>
        <line num="29" count="1" type="cond" truecount="3" falsecount="1"/>
        <line num="30" count="4" type="stmt"/>
        <line num="32" count="1" type="stmt"/>
        <line num="35" count="13" type="stmt"/>
        <line num="36" count="1" type="stmt"/>
        <line num="37" count="1" type="cond" truecount="1" falsecount="1"/>
        <line num="38" count="0" type="stmt"/>
        <line num="40" count="1" type="stmt"/>
        <line num="42" count="13" type="stmt"/>
      </file>
      <file name="createStore.js" path="/Users/sharansalian/Workspaces/react-native/MSP-Logistics-Application/app/utils/createStore.js">
        <metrics statements="11" coveredstatements="11" conditionals="0" coveredconditionals="0" methods="1" coveredmethods="1"/>
        <line num="16" count="12" type="stmt"/>
        <line num="29" count="6" type="stmt"/>
        <line num="30" count="6" type="stmt"/>
        <line num="33" count="6" type="stmt"/>
        <line num="34" count="6" type="stmt"/>
        <line num="36" count="6" type="stmt"/>
        <line num="39" count="6" type="stmt"/>
        <line num="41" count="6" type="stmt"/>
        <line num="42" count="6" type="stmt"/>
        <line num="45" count="6" type="stmt"/>
        <line num="47" count="6" type="stmt"/>
      </file>
      <file name="testUtils.js" path="/Users/sharansalian/Workspaces/react-native/MSP-Logistics-Application/app/utils/testUtils.js">
        <metrics statements="7" coveredstatements="7" conditionals="0" coveredconditionals="0" methods="5" coveredmethods="5"/>
        <line num="9" count="11" type="stmt"/>
        <line num="13" count="11" type="stmt"/>
        <line num="14" count="24" type="stmt"/>
        <line num="23" count="11" type="stmt"/>
        <line num="24" count="4" type="stmt"/>
        <line num="25" count="4" type="stmt"/>
        <line num="34" count="11" type="stmt"/>
      </file>
    </package>
  </project>
</coverage>
