TN:
SF:/Users/sharansalian/Workspaces/react-native/MSP-Logistics-Application/app/app.js
FN:12,(anonymous_0)
FNF:1
FNH:1
FNDA:1,(anonymous_0)
DA:10,1
DA:12,1
DA:13,1
LF:3
LH:3
BRF:0
BRH:0
end_of_record
TN:
SF:/Users/sharansalian/Workspaces/react-native/MSP-Logistics-Application/app/i18n.js
FN:25,(anonymous_0)
FN:30,(anonymous_1)
FNF:2
FNH:2
FNDA:18,(anonymous_0)
FNDA:273,(anonymous_1)
DA:10,15
DA:12,15
DA:14,15
DA:16,15
DA:18,15
DA:21,15
DA:25,15
DA:27,18
DA:30,18
DA:32,273
DA:35,273
DA:37,18
DA:40,15
LF:13
LH:13
BRDA:27,0,0,1
BRDA:27,0,1,17
BRDA:32,1,0,1
BRDA:32,1,1,272
BRDA:32,2,0,273
BRDA:32,2,1,1
BRF:6
BRH:6
end_of_record
TN:
SF:/Users/sharansalian/Workspaces/react-native/MSP-Logistics-Application/app/rootReducer.js
FN:6,(anonymous_0)
FNF:1
FNH:1
FNDA:6,(anonymous_0)
DA:7,6
DA:11,6
LF:2
LH:2
BRF:0
BRH:0
end_of_record
TN:
SF:/Users/sharansalian/Workspaces/react-native/MSP-Logistics-Application/app/rootSaga.js
FN:5,root
FNF:1
FNH:1
FNDA:6,root
DA:6,6
DA:7,6
LF:2
LH:2
BRF:0
BRH:0
end_of_record
TN:
SF:/Users/sharansalian/Workspaces/react-native/MSP-Logistics-Application/app/assets/images/bitmapImage.png
FNF:0
FNH:0
DA:1,3
LF:1
LH:1
BRF:0
BRH:0
end_of_record
TN:
SF:/Users/sharansalian/Workspaces/react-native/MSP-Logistics-Application/app/assets/images/cancel.png
FNF:0
FNH:0
DA:1,3
LF:1
LH:1
BRF:0
BRH:0
end_of_record
TN:
SF:/Users/sharansalian/Workspaces/react-native/MSP-Logistics-Application/app/assets/images/flash.png
FNF:0
FNH:0
DA:1,3
LF:1
LH:1
BRF:0
BRH:0
end_of_record
TN:
SF:/Users/sharansalian/Workspaces/react-native/MSP-Logistics-Application/app/assets/images/homepage.png
FNF:0
FNH:0
DA:1,3
LF:1
LH:1
BRF:0
BRH:0
end_of_record
TN:
SF:/Users/sharansalian/Workspaces/react-native/MSP-Logistics-Application/app/assets/images/illoDeliveryBoy.png
FNF:0
FNH:0
DA:1,3
LF:1
LH:1
BRF:0
BRH:0
end_of_record
TN:
SF:/Users/sharansalian/Workspaces/react-native/MSP-Logistics-Application/app/assets/images/illoScanBag.png
FNF:0
FNH:0
DA:1,3
LF:1
LH:1
BRF:0
BRH:0
end_of_record
TN:
SF:/Users/sharansalian/Workspaces/react-native/MSP-Logistics-Application/app/assets/images/imgMspLogo.png
FNF:0
FNH:0
DA:1,4
LF:1
LH:1
BRF:0
BRH:0
end_of_record
TN:
SF:/Users/sharansalian/Workspaces/react-native/MSP-Logistics-Application/app/assets/images/loginbg.jpg
FNF:0
FNH:0
DA:1,3
LF:1
LH:1
BRF:0
BRH:0
end_of_record
TN:
SF:/Users/sharansalian/Workspaces/react-native/MSP-Logistics-Application/app/assets/images/password.png
FNF:0
FNH:0
DA:1,3
LF:1
LH:1
BRF:0
BRH:0
end_of_record
TN:
SF:/Users/sharansalian/Workspaces/react-native/MSP-Logistics-Application/app/assets/images/username.png
FNF:0
FNH:0
DA:1,3
LF:1
LH:1
BRF:0
BRH:0
end_of_record
TN:
SF:/Users/sharansalian/Workspaces/react-native/MSP-Logistics-Application/app/components/Container/index.js
FN:14,(anonymous_0)
FNF:1
FNH:1
FNDA:11,(anonymous_0)
DA:10,5
DA:14,5
DA:15,11
DA:18,5
LF:4
LH:4
BRF:0
BRH:0
end_of_record
TN:
SF:/Users/sharansalian/Workspaces/react-native/MSP-Logistics-Application/app/components/DismissKeyboard/index.js
FN:5,(anonymous_0)
FN:6,(anonymous_1)
FNF:2
FNH:1
FNDA:12,(anonymous_0)
FNDA:0,(anonymous_1)
DA:5,3
DA:6,12
LF:2
LH:2
BRF:0
BRH:0
end_of_record
TN:
SF:/Users/sharansalian/Workspaces/react-native/MSP-Logistics-Application/app/components/HomePage/index.js
FN:16,(anonymous_0)
FN:32,(anonymous_1)
FN:42,(anonymous_2)
FNF:3
FNH:1
FNDA:3,(anonymous_0)
FNDA:0,(anonymous_1)
FNDA:0,(anonymous_2)
DA:16,3
DA:17,3
DA:32,0
DA:42,0
DA:52,3
DA:129,3
LF:6
LH:4
BRF:0
BRH:0
end_of_record
TN:
SF:/Users/sharansalian/Workspaces/react-native/MSP-Logistics-Application/app/components/ScanCode/index.js
FN:17,(anonymous_0)
FN:24,(anonymous_1)
FN:28,(anonymous_2)
FN:33,(anonymous_3)
FN:37,(anonymous_4)
FNF:5
FNH:2
FNDA:3,(anonymous_0)
FNDA:0,(anonymous_1)
FNDA:0,(anonymous_2)
FNDA:0,(anonymous_3)
FNDA:3,(anonymous_4)
DA:18,3
DA:19,3
DA:24,3
DA:25,0
DA:28,3
DA:29,0
DA:30,0
DA:33,3
DA:34,0
DA:38,3
DA:39,3
DA:77,3
DA:131,3
LF:13
LH:9
BRDA:60,0,0,0
BRDA:60,0,1,3
BRF:2
BRH:1
end_of_record
TN:
SF:/Users/sharansalian/Workspaces/react-native/MSP-Logistics-Application/app/components/SplashScreen/index.js
FN:20,(anonymous_0)
FNF:1
FNH:1
FNDA:2,(anonymous_0)
DA:6,1
DA:13,1
DA:20,1
DA:21,2
LF:4
LH:4
BRF:0
BRH:0
end_of_record
TN:
SF:/Users/sharansalian/Workspaces/react-native/MSP-Logistics-Application/app/components/T/index.js
FN:13,(anonymous_0)
FNF:1
FNH:1
FNDA:9,(anonymous_0)
DA:13,3
DA:14,9
DA:17,3
DA:22,3
LF:4
LH:4
BRF:0
BRH:0
end_of_record
TN:
SF:/Users/sharansalian/Workspaces/react-native/MSP-Logistics-Application/app/config/index.js
FNF:0
FNH:0
DA:1,13
LF:1
LH:1
BRF:0
BRH:0
end_of_record
TN:
SF:/Users/sharansalian/Workspaces/react-native/MSP-Logistics-Application/app/containers/ExampleScreen/index.js
FN:90,(anonymous_0)
FN:94,(anonymous_1)
FN:94,(anonymous_2)
FN:98,(anonymous_3)
FN:153,(anonymous_4)
FN:154,(anonymous_5)
FNF:6
FNH:4
FNDA:4,(anonymous_0)
FNDA:7,(anonymous_1)
FNDA:4,(anonymous_2)
FNDA:4,(anonymous_3)
FNDA:0,(anonymous_4)
FNDA:0,(anonymous_5)
DA:28,1
DA:34,1
DA:40,1
DA:47,1
DA:53,1
DA:58,1
DA:65,1
DA:70,1
DA:75,1
DA:80,1
DA:83,1
DA:91,4
DA:94,7
DA:95,4
DA:99,4
DA:140,1
DA:147,1
DA:153,1
DA:154,0
DA:157,1
LF:20
LH:19
BRDA:101,0,0,1
BRDA:101,0,1,3
BRDA:110,1,0,0
BRDA:110,1,1,3
BRDA:118,2,0,3
BRDA:118,2,1,3
BRF:6
BRH:5
end_of_record
TN:
SF:/Users/sharansalian/Workspaces/react-native/MSP-Logistics-Application/app/containers/ExampleScreen/reducer.js
FN:22,(anonymous_0)
FN:25,(anonymous_1)
FN:31,(anonymous_2)
FN:40,(anonymous_3)
FN:41,(anonymous_4)
FNF:5
FNH:5
FNDA:1,(anonymous_0)
FNDA:1,(anonymous_1)
FNDA:1,(anonymous_2)
FNDA:30,(anonymous_3)
FNDA:30,(anonymous_4)
DA:7,14
DA:16,14
DA:22,14
DA:23,1
DA:25,14
DA:26,1
DA:31,14
DA:32,1
DA:40,14
DA:41,30
DA:42,30
DA:44,1
DA:46,1
DA:48,1
DA:50,27
LF:15
LH:15
BRDA:40,0,0,19
BRDA:42,1,0,1
BRDA:42,1,1,1
BRDA:42,1,2,1
BRDA:42,1,3,27
BRF:5
BRH:5
end_of_record
TN:
SF:/Users/sharansalian/Workspaces/react-native/MSP-Logistics-Application/app/containers/ExampleScreen/saga.js
FN:12,fetchUser
FN:26,searchListContainerSaga
FNF:2
FNH:2
FNDA:2,fetchUser
FNDA:7,searchListContainerSaga
DA:13,2
DA:14,2
DA:15,1
DA:16,1
DA:18,1
DA:27,7
LF:6
LH:6
BRDA:14,0,0,1
BRDA:14,0,1,1
BRF:2
BRH:2
end_of_record
TN:
SF:/Users/sharansalian/Workspaces/react-native/MSP-Logistics-Application/app/containers/ExampleScreen/selectors.js
FN:5,(anonymous_0)
FN:8,(anonymous_1)
FN:11,(anonymous_2)
FN:14,(anonymous_3)
FN:17,(anonymous_4)
FN:20,(anonymous_5)
FN:23,(anonymous_6)
FNF:7
FNH:7
FNDA:3,(anonymous_0)
FNDA:2,(anonymous_1)
FNDA:1,(anonymous_2)
FNDA:2,(anonymous_3)
FNDA:1,(anonymous_4)
FNDA:2,(anonymous_5)
FNDA:1,(anonymous_6)
DA:5,2
DA:6,3
DA:8,2
DA:9,2
DA:11,1
DA:14,2
DA:15,2
DA:17,1
DA:20,2
DA:21,2
DA:23,1
LF:11
LH:11
BRDA:6,0,0,3
BRDA:6,0,1,0
BRF:2
BRH:1
end_of_record
TN:
SF:/Users/sharansalian/Workspaces/react-native/MSP-Logistics-Application/app/containers/LanguageProvider/index.js
FN:17,LanguageProvider
FN:35,(anonymous_1)
FN:39,mapDispatchToProps
FNF:3
FNH:3
FNDA:7,LanguageProvider
FNDA:3,(anonymous_1)
FNDA:6,mapDispatchToProps
DA:18,7
DA:29,12
DA:35,12
DA:40,6
LF:4
LH:4
BRF:0
BRH:0
end_of_record
TN:
SF:/Users/sharansalian/Workspaces/react-native/MSP-Logistics-Application/app/containers/LanguageProvider/reducer.js
FN:23,(anonymous_0)
FN:24,(anonymous_1)
FNF:2
FNH:2
FNDA:2,(anonymous_0)
FNDA:2,(anonymous_1)
DA:14,14
DA:18,14
DA:23,14
DA:24,2
DA:25,2
DA:27,1
DA:29,1
LF:7
LH:7
BRDA:23,0,0,2
BRDA:25,1,0,1
BRDA:25,1,1,1
BRF:3
BRH:3
end_of_record
TN:
SF:/Users/sharansalian/Workspaces/react-native/MSP-Logistics-Application/app/containers/LanguageProvider/selectors.js
FN:7,(anonymous_0)
FN:13,(anonymous_1)
FN:16,(anonymous_2)
FNF:3
FNH:3
FNDA:8,(anonymous_0)
FNDA:12,(anonymous_1)
FNDA:7,(anonymous_2)
DA:7,13
DA:13,13
DA:14,12
DA:16,7
LF:4
LH:4
BRDA:7,0,0,8
BRDA:7,0,1,7
BRF:2
BRH:2
end_of_record
TN:
SF:/Users/sharansalian/Workspaces/react-native/MSP-Logistics-Application/app/containers/LoginScreen/index.js
FN:26,(anonymous_0)
FN:27,(anonymous_1)
FN:53,(anonymous_2)
FN:75,(anonymous_3)
FN:96,(anonymous_4)
FN:98,(anonymous_5)
FN:127,(anonymous_6)
FN:138,(anonymous_7)
FNF:8
FNH:5
FNDA:12,(anonymous_0)
FNDA:0,(anonymous_1)
FNDA:0,(anonymous_2)
FNDA:20,(anonymous_3)
FNDA:1,(anonymous_4)
FNDA:0,(anonymous_5)
FNDA:28,(anonymous_6)
FNDA:1,(anonymous_7)
DA:27,12
DA:28,0
DA:30,12
DA:53,0
DA:83,20
DA:96,1
DA:99,0
DA:128,28
DA:138,1
DA:174,3
DA:297,3
LF:11
LH:8
BRDA:35,0,0,0
BRDA:35,0,1,12
BRDA:106,1,0,20
BRDA:106,1,1,2
BRDA:106,1,2,1
BRDA:142,2,0,20
BRDA:142,2,1,2
BRDA:142,2,2,1
BRDA:188,3,0,3
BRDA:188,3,1,0
BRDA:196,4,0,3
BRDA:196,4,1,0
BRDA:208,5,0,3
BRDA:208,5,1,0
BRDA:226,6,0,3
BRDA:226,6,1,0
BRDA:230,7,0,0
BRDA:230,7,1,3
BRDA:234,8,0,3
BRDA:234,8,1,0
BRDA:241,9,0,3
BRDA:241,9,1,0
BRDA:245,10,0,0
BRDA:245,10,1,3
BRDA:249,11,0,3
BRDA:249,11,1,0
BRDA:263,12,0,3
BRDA:263,12,1,0
BRDA:266,13,0,3
BRDA:266,13,1,0
BRF:30
BRH:18
end_of_record
TN:
SF:/Users/sharansalian/Workspaces/react-native/MSP-Logistics-Application/app/containers/RootScreen/index.js
FN:10,(anonymous_0)
FN:15,(anonymous_1)
FN:19,(anonymous_2)
FN:35,(anonymous_3)
FN:36,(anonymous_4)
FNF:5
FNH:5
FNDA:3,(anonymous_0)
FNDA:3,(anonymous_1)
FNDA:3,(anonymous_2)
FNDA:1,(anonymous_3)
FNDA:1,(anonymous_4)
DA:12,3
DA:15,3
DA:16,3
DA:20,3
DA:31,2
DA:35,2
DA:36,1
LF:7
LH:7
BRF:0
BRH:0
end_of_record
TN:
SF:/Users/sharansalian/Workspaces/react-native/MSP-Logistics-Application/app/containers/RootScreen/reducer.js
FN:16,(anonymous_0)
FN:17,(anonymous_1)
FNF:2
FNH:2
FNDA:2,(anonymous_0)
FNDA:2,(anonymous_1)
DA:7,13
DA:12,13
DA:16,13
DA:17,2
DA:18,2
DA:20,2
LF:6
LH:6
BRDA:16,0,0,1
BRDA:18,1,0,2
BRF:2
BRH:2
end_of_record
TN:
SF:/Users/sharansalian/Workspaces/react-native/MSP-Logistics-Application/app/containers/RootScreen/saga.js
FN:8,startup
FN:9,(anonymous_1)
FN:12,startUpSaga
FNF:3
FNH:3
FNDA:3,startup
FNDA:1,(anonymous_1)
FNDA:7,startUpSaga
DA:9,3
DA:13,7
LF:2
LH:2
BRF:0
BRH:0
end_of_record
TN:
SF:/Users/sharansalian/Workspaces/react-native/MSP-Logistics-Application/app/navigators/AppNavigator.js
FNF:0
FNH:0
DA:7,2
LF:1
LH:1
BRF:0
BRH:0
end_of_record
TN:
SF:/Users/sharansalian/Workspaces/react-native/MSP-Logistics-Application/app/services/NavigationService.js
FN:14,setTopLevelNavigator
FN:25,navigate
FN:43,navigateAndReset
FNF:3
FNH:1
FNDA:3,setTopLevelNavigator
FNDA:0,navigate
FNDA:0,navigateAndReset
DA:15,3
DA:26,0
DA:44,0
LF:3
LH:1
BRF:0
BRH:0
end_of_record
TN:
SF:/Users/sharansalian/Workspaces/react-native/MSP-Logistics-Application/app/services/UserService.js
FN:4,(anonymous_0)
FNF:1
FNH:1
FNDA:1,(anonymous_0)
DA:3,13
DA:4,13
LF:2
LH:2
BRF:0
BRH:0
end_of_record
TN:
SF:/Users/sharansalian/Workspaces/react-native/MSP-Logistics-Application/app/style/index.js
FN:17,normalize
FN:21,em
FN:25,gridItemWidth
FN:35,(anonymous_3)
FN:36,(anonymous_4)
FN:37,(anonymous_5)
FNF:6
FNH:4
FNDA:5,normalize
FNDA:237,em
FNDA:0,gridItemWidth
FNDA:237,(anonymous_3)
FNDA:0,(anonymous_4)
FNDA:237,(anonymous_5)
DA:3,5
DA:4,5
DA:5,5
DA:8,5
DA:9,5
DA:12,5
DA:15,5
DA:18,5
DA:22,237
DA:26,0
DA:27,0
DA:28,0
DA:32,5
DA:33,5
DA:35,237
DA:36,5
DA:37,5
DA:38,237
LF:18
LH:15
BRDA:17,0,0,5
BRDA:25,1,0,0
BRDA:37,2,0,237
BRF:3
BRH:2
end_of_record
TN:
SF:/Users/sharansalian/Workspaces/react-native/MSP-Logistics-Application/app/themes/colors.js
FNF:0
FNH:0
LF:0
LH:0
BRF:0
BRH:0
end_of_record
TN:
SF:/Users/sharansalian/Workspaces/react-native/MSP-Logistics-Application/app/themes/fonts.js
FN:4,(anonymous_0)
FN:7,(anonymous_1)
FN:10,(anonymous_2)
FN:13,(anonymous_3)
FN:18,(anonymous_4)
FN:21,(anonymous_5)
FN:25,(anonymous_6)
FN:30,(anonymous_7)
FN:35,(anonymous_8)
FN:40,(anonymous_9)
FN:45,(anonymous_10)
FNF:11
FNH:11
FNDA:7,(anonymous_0)
FNDA:3,(anonymous_1)
FNDA:3,(anonymous_2)
FNDA:3,(anonymous_3)
FNDA:1,(anonymous_4)
FNDA:5,(anonymous_5)
FNDA:9,(anonymous_6)
FNDA:2,(anonymous_7)
FNDA:2,(anonymous_8)
FNDA:6,(anonymous_9)
FNDA:2,(anonymous_10)
DA:4,7
DA:7,3
DA:10,3
DA:13,3
DA:18,3
DA:21,5
DA:25,9
DA:30,3
DA:35,3
DA:40,6
DA:45,3
LF:11
LH:11
BRF:0
BRH:0
end_of_record
TN:
SF:/Users/sharansalian/Workspaces/react-native/MSP-Logistics-Application/app/themes/images.js
FNF:0
FNH:0
LF:0
LH:0
BRF:0
BRH:0
end_of_record
TN:
SF:/Users/sharansalian/Workspaces/react-native/MSP-Logistics-Application/app/themes/index.js
FNF:0
FNH:0
LF:0
LH:0
BRF:0
BRH:0
end_of_record
TN:
SF:/Users/sharansalian/Workspaces/react-native/MSP-Logistics-Application/app/utils/apiUtils.js
FN:10,(anonymous_0)
FN:11,(anonymous_1)
FN:22,(anonymous_2)
FN:27,(anonymous_3)
FN:30,(anonymous_4)
FN:35,(anonymous_5)
FN:38,(anonymous_6)
FNF:7
FNH:6
FNDA:1,(anonymous_0)
FNDA:13,(anonymous_1)
FNDA:13,(anonymous_2)
FNDA:1,(anonymous_3)
FNDA:4,(anonymous_4)
FNDA:1,(anonymous_5)
FNDA:0,(anonymous_6)
DA:6,13
DA:10,13
DA:11,13
DA:12,13
DA:14,13
DA:15,13
DA:17,0
DA:18,0
DA:22,13
DA:23,13
DA:27,13
DA:28,1
DA:29,1
DA:30,4
DA:32,1
DA:35,13
DA:36,1
DA:37,1
DA:38,0
DA:40,1
DA:42,13
LF:21
LH:18
BRDA:10,0,0,1
BRDA:11,1,0,0
BRDA:12,2,0,13
BRDA:12,2,1,0
BRDA:29,3,0,1
BRDA:29,3,1,0
BRDA:29,4,0,1
BRDA:29,4,1,1
BRDA:37,5,0,0
BRDA:37,5,1,1
BRF:10
BRH:6
end_of_record
TN:
SF:/Users/sharansalian/Workspaces/react-native/MSP-Logistics-Application/app/utils/createStore.js
FN:28,(anonymous_0)
FNF:1
FNH:1
FNDA:6,(anonymous_0)
DA:16,12
DA:29,6
DA:30,6
DA:33,6
DA:34,6
DA:36,6
DA:39,6
DA:41,6
DA:42,6
DA:45,6
DA:47,6
LF:11
LH:11
BRF:0
BRH:0
end_of_record
TN:
SF:/Users/sharansalian/Workspaces/react-native/MSP-Logistics-Application/app/utils/testUtils.js
FN:9,(anonymous_0)
FN:13,(anonymous_1)
FN:23,(anonymous_2)
FN:34,(anonymous_3)
FN:34,(anonymous_4)
FNF:5
FNH:5
FNDA:2,(anonymous_0)
FNDA:24,(anonymous_1)
FNDA:4,(anonymous_2)
FNDA:3,(anonymous_3)
FNDA:3,(anonymous_4)
DA:9,11
DA:13,11
DA:14,24
DA:23,11
DA:24,4
DA:25,4
DA:34,11
LF:7
LH:7
BRF:0
BRH:0
end_of_record
